Removed Pin From Net: NetName=+5V Pin=C12-2
Removed Pin From Net: NetName=+5V Pin=CN2-8
Change Component Designator: OldDesignator=R9 NewDesignator=R11
Change Component Designator: OldDesignator=R10 NewDesignator=R12
Change Component Designator: OldDesignator=R11 NewDesignator=R13
Change Component Designator: OldDesignator=R12 NewDesignator=R14
Change Component Designator: OldDesignator=R13 NewDesignator=R15
Change Component Designator: OldDesignator=R14 NewDesignator=R16
Change Component Designator: OldDesignator=R15 NewDesignator=R17
Change Component Designator: OldDesignator=R16 NewDesignator=R18
Change Component Designator: OldDesignator=R17 NewDesignator=R19
Change Component Designator: OldDesignator=R18 NewDesignator=R20
Change Component Designator: OldDesignator=R19 NewDesignator=R21
Change Component Designator: OldDesignator=R20 NewDesignator=R22
Change Component Designator: OldDesignator=R21 NewDesignator=R23
Change Component Designator: OldDesignator=R22 NewDesignator=R24
Change Component Designator: OldDesignator=R23 NewDesignator=R25
Change Component Designator: OldDesignator=R24 NewDesignator=R26
Change Component Designator: OldDesignator=R25 NewDesignator=R27
Change Component Designator: OldDesignator=R26 NewDesignator=R28
Change Component Designator: OldDesignator=R27 NewDesignator=R29
Change Component Designator: OldDesignator=R28 NewDesignator=R30
Change Component Designator: OldDesignator=R29 NewDesignator=R31
Change Component Designator: OldDesignator=R30 NewDesignator=R32
Change Component Designator: OldDesignator=R31 NewDesignator=R33
Change Component Designator: OldDesignator=R32 NewDesignator=R34
Change Component Designator: OldDesignator=R33 NewDesignator=R35
Change Component Designator: OldDesignator=R34 NewDesignator=R36
Change Component Designator: OldDesignator=R35 NewDesignator=R37
Change Component Designator: OldDesignator=R36 NewDesignator=R38
Change Component Designator: OldDesignator=R37 NewDesignator=R39
Change Component Designator: OldDesignator=R38 NewDesignator=R40
Change Component Designator: OldDesignator=R39 NewDesignator=R41
Change Component Designator: OldDesignator=R40 NewDesignator=R42
Change Component Designator: OldDesignator=R41 NewDesignator=R43
Change Component Designator: OldDesignator=R42 NewDesignator=R44
Added Component: Designator=R9(RES SMD CH 0603 HR)
Add component (AddParameter): Name = "ERP"; Value = "4426"; VariantName = "[No Variations]"
Add component (AddParameter): Name = "HC 1"; Value = "N/A"; VariantName = "[No Variations]"
Add component (AddParameter): Name = "HC 2"; Value = "N/A"; VariantName = "[No Variations]"
Add component (AddParameter): Name = "Manufacturer 1"; Value = "HOTTECH"; VariantName = "[No Variations]"
Add component (AddParameter): Name = "Manufacturer 2"; Value = "YAGEO"; VariantName = "[No Variations]"
Add component (AddParameter): Name = "Package"; Value = "N/A"; VariantName = "[No Variations]"
Add component (AddParameter): Name = "Part Number 1"; Value = "RI0603L1002FT"; VariantName = "[No Variations]"
Add component (AddParameter): Name = "Part Number 2"; Value = "RC0603FR-0710KL"; VariantName = "[No Variations]"
Add component (AddParameter): Name = "Status"; Value = ""; VariantName = "[No Variations]"
Add component (AddParameter): Name = "Supplier 1"; Value = "HOTTECH SEMICONDUCTOR TECHNOLOGY (HK) LTDA"; VariantName = "[No Variations]"
Add component (AddParameter): Name = "Supplier 2"; Value = "SOLUCAO COMERCIO DE COMP ELE LTDA EPP"; VariantName = "[No Variations]"
Added Component: Designator=R10(RES SMD CH 0603 HR)
Add component (AddParameter): Name = "ERP"; Value = "4426"; VariantName = "[No Variations]"
Add component (AddParameter): Name = "HC 1"; Value = "N/A"; VariantName = "[No Variations]"
Add component (AddParameter): Name = "HC 2"; Value = "N/A"; VariantName = "[No Variations]"
Add component (AddParameter): Name = "Manufacturer 1"; Value = "HOTTECH"; VariantName = "[No Variations]"
Add component (AddParameter): Name = "Manufacturer 2"; Value = "YAGEO"; VariantName = "[No Variations]"
Add component (AddParameter): Name = "Package"; Value = "N/A"; VariantName = "[No Variations]"
Add component (AddParameter): Name = "Part Number 1"; Value = "RI0603L1002FT"; VariantName = "[No Variations]"
Add component (AddParameter): Name = "Part Number 2"; Value = "RC0603FR-0710KL"; VariantName = "[No Variations]"
Add component (AddParameter): Name = "Status"; Value = ""; VariantName = "[No Variations]"
Add component (AddParameter): Name = "Supplier 1"; Value = "HOTTECH SEMICONDUCTOR TECHNOLOGY (HK) LTDA"; VariantName = "[No Variations]"
Add component (AddParameter): Name = "Supplier 2"; Value = "SOLUCAO COMERCIO DE COMP ELE LTDA EPP"; VariantName = "[No Variations]"
Added Pin To Net: NetName=+5V Pin=R9-1
Added Pin To Net: NetName=NetC13_2 Pin=R10-1
Added Pin To Net: NetName=+5V Pin=R10-2
Change Net Name : Old Net Name=NetR21_1 New Net Name=NetR23_1
Change Net Name : Old Net Name=NetR22_1 New Net Name=NetR24_1
Change Net Name : Old Net Name=NetR23_1 New Net Name=NetR25_1
Change Net Name : Old Net Name=NetR24_1 New Net Name=NetR26_1
Change Net Name : Old Net Name=NetR33_1 New Net Name=NetR35_1
Change Net Name : Old Net Name=NetR34_1 New Net Name=NetR36_1
Change Net Name : Old Net Name=NetR35_1 New Net Name=NetR37_1
Change Net Name : Old Net Name=NetR36_1 New Net Name=NetR38_1
Added Pin To Net: NetName=NetC12_2 Pin=C12-2
Added Pin To Net: NetName=NetC12_2 Pin=CN2-8
Added Pin To Net: NetName=NetC12_2 Pin=R9-2
Added Net: Name=NetC12_2
Added Member To Class: ClassName=EvoProject 2.0 Member=Component R43 10K/1%
Added Member To Class: ClassName=EvoProject 2.0 Member=Component R44 1K/1%
