Added Pin To Net: NetName=NetJ1_3 Pin=J1-3
Added Pin To Net: NetName=NetJ1_3 Pin=J1-11
Added Pin To Net: NetName=NetJ1_3 Pin=PTC3-1
Added Net: Name=NetJ1_3
Added Member To Class: ClassName=EvoProject 2.0 Member=Component R9 10K/1%
Added Member To Class: ClassName=EvoProject 2.0 Member=Component R10 10K/1%
Added Member To Class: ClassName=EvoProject 2.0 Member=Component R11 10R/5%
Added Member To Class: ClassName=EvoProject 2.0 Member=Component R12 10R/5%
Added Member To Class: ClassName=EvoProject 2.0 Member=Component R14 10K/1%
Added Member To Class: ClassName=EvoProject 2.0 Member=Component R17 10K/1%
Added Member To Class: ClassName=EvoProject 2.0 Member=Component R21 10K/1%
Added Member To Class: ClassName=EvoProject 2.0 Member=Component R24 100R/1%
Added Member To Class: ClassName=EvoProject 2.0 Member=Component R27 1K/1%
Added Member To Class: ClassName=EvoProject 2.0 Member=Component R28 10K/1%
Added Member To Class: ClassName=EvoProject 2.0 Member=Component R29 1K/1%
Added Member To Class: ClassName=EvoProject 2.0 Member=Component R32 10K/1%
Added Member To Class: ClassName=EvoProject 2.0 Member=Component R34 10K/1%
Added Member To Class: ClassName=EvoProject 2.0 Member=Component R35 10K/1%
Added Member To Class: ClassName=EvoProject 2.0 Member=Component R39 10K/1%
Added Member To Class: ClassName=EvoProject 2.0 Member=Component R40 10K/1%
Added Member To Class: ClassName=EvoProject 2.0 Member=Component R41 1K/1%
