Change Component Designator: Old Designator=C? New Designator=C36
Change Component Designator: Old Designator=CN1 New Designator=CN2
Change Component Designator: Old Designator=CN2 New Designator=CN1
Change Component Designator: Old Designator=CN? New Designator=CN4
Change Component Designator: Old Designator=CN? New Designator=CN5
Change Component Designator: Old Designator=CN? New Designator=CN6
Change Component Designator: Old Designator=R57 New Designator=R59
Change Component Designator: Old Designator=R58 New Designator=R60
Change Component Designator: Old Designator=R59 New Designator=R61
Change Component Designator: Old Designator=R60 New Designator=R62
Change Component Designator: Old Designator=R61 New Designator=R63
Change Component Designator: Old Designator=R62 New Designator=R64
Change Component Designator: Old Designator=R63 New Designator=R65
Change Component Designator: Old Designator=R64 New Designator=R66
Change Component Designator: Old Designator=R65 New Designator=R67
Change Component Designator: Old Designator=R66 New Designator=R68
Change Component Designator: Old Designator=R67 New Designator=R69
Change Component Designator: Old Designator=R68 New Designator=R70
Change Component Designator: Old Designator=R69 New Designator=R71
Change Component Designator: Old Designator=R70 New Designator=R72
Change Component Designator: Old Designator=R? New Designator=R73
