Change Component Designator: Old Designator=B? New Designator=B1
Change Component Designator: Old Designator=C23 New Designator=C16
Change Component Designator: Old Designator=C24 New Designator=C17
Change Component Designator: Old Designator=C? New Designator=C1
Change Component Designator: Old Designator=C? New Designator=C2
Change Component Designator: Old Designator=C? New Designator=C3
Change Component Designator: Old Designator=C? New Designator=C4
Change Component Designator: Old Designator=C? New Designator=C5
Change Component Designator: Old Designator=C? New Designator=C6
Change Component Designator: Old Designator=C? New Designator=C7
Change Component Designator: Old Designator=C? New Designator=C8
Change Component Designator: Old Designator=C? New Designator=C9
Change Component Designator: Old Designator=C? New Designator=C10
Change Component Designator: Old Designator=C? New Designator=C11
Change Component Designator: Old Designator=C? New Designator=C12
Change Component Designator: Old Designator=C? New Designator=C13
Change Component Designator: Old Designator=C? New Designator=C14
Change Component Designator: Old Designator=C? New Designator=C15
Change Component Designator: Old Designator=C? New Designator=C18
Change Component Designator: Old Designator=C? New Designator=C19
Change Component Designator: Old Designator=CI? New Designator=CI1
Change Component Designator: Old Designator=CI? New Designator=CI2
Change Component Designator: Old Designator=CI? New Designator=CI3
Change Component Designator: Old Designator=CN? New Designator=CN1
Change Component Designator: Old Designator=CN? New Designator=CN2
Change Component Designator: Old Designator=CN? New Designator=CN3
Change Component Designator: Old Designator=CN? New Designator=CN4
Change Component Designator: Old Designator=CN? New Designator=CN5
Change Component Designator: Old Designator=CN? New Designator=CN6
Change Component Designator: Old Designator=D? New Designator=D1
Change Component Designator: Old Designator=D? New Designator=D2
Change Component Designator: Old Designator=D? New Designator=D3
Change Component Designator: Old Designator=D? New Designator=D4
Change Component Designator: Old Designator=D? New Designator=D5
Change Component Designator: Old Designator=IND? New Designator=IND1
Change Component Designator: Old Designator=PTC? New Designator=PTC1
Change Component Designator: Old Designator=PTC? New Designator=PTC2
Change Component Designator: Old Designator=R4 New Designator=R20
Change Component Designator: Old Designator=R40 New Designator=R12
Change Component Designator: Old Designator=R42 New Designator=R13
Change Component Designator: Old Designator=R44 New Designator=R15
Change Component Designator: Old Designator=R46 New Designator=R16
Change Component Designator: Old Designator=R48 New Designator=R14
Change Component Designator: Old Designator=R50 New Designator=R23
Change Component Designator: Old Designator=R52 New Designator=R24
Change Component Designator: Old Designator=R54 New Designator=R27
Change Component Designator: Old Designator=R56 New Designator=R29
Change Component Designator: Old Designator=R? New Designator=R1
Change Component Designator: Old Designator=R? New Designator=R2
Change Component Designator: Old Designator=R? New Designator=R3
Change Component Designator: Old Designator=R? New Designator=R4
Change Component Designator: Old Designator=R? New Designator=R5
Change Component Designator: Old Designator=R? New Designator=R6
Change Component Designator: Old Designator=R? New Designator=R7
Change Component Designator: Old Designator=R? New Designator=R8
Change Component Designator: Old Designator=R? New Designator=R9
Change Component Designator: Old Designator=R? New Designator=R10
Change Component Designator: Old Designator=R? New Designator=R11
Change Component Designator: Old Designator=R? New Designator=R17
Change Component Designator: Old Designator=R? New Designator=R18
Change Component Designator: Old Designator=R? New Designator=R19
Change Component Designator: Old Designator=R? New Designator=R21
Change Component Designator: Old Designator=R? New Designator=R22
Change Component Designator: Old Designator=R? New Designator=R25
Change Component Designator: Old Designator=R? New Designator=R26
Change Component Designator: Old Designator=R? New Designator=R28
Change Component Designator: Old Designator=R? New Designator=R30
Change Component Designator: Old Designator=R? New Designator=R31
Change Component Designator: Old Designator=T8 New Designator=T2
Change Component Designator: Old Designator=T10 New Designator=T3
Change Component Designator: Old Designator=T12 New Designator=T4
Change Component Designator: Old Designator=T16 New Designator=T6
Change Component Designator: Old Designator=T18 New Designator=T7
Change Component Designator: Old Designator=T20 New Designator=T8
Change Component Designator: Old Designator=T? New Designator=T1
Change Component Designator: Old Designator=T? New Designator=T5
