Removed Pin From Net: NetName=GND Pin=U1-5_1
Removed Pin From Net: NetName=GND Pin=U1-5_2
Removed Pin From Net: NetName=GND Pin=U1-5_3
Removed Pin From Net: NetName=GND Pin=U1-5_4
Removed Pin From Net: NetName=GND Pin=U1-5_5
Removed Pin From Net: NetName=GND Pin=U1-5_6
Removed Pin From Net: NetName=GND Pin=U1-5_7
Removed Pin From Net: NetName=GND Pin=U1-5_8
Removed Pin From Net: NetName=GND Pin=U1-5_9
Removed Pin From Net: NetName=GND Pin=U1-5_10
Removed Pin From Net: NetName=GND Pin=U1-5_11
Removed Pin From Net: NetName=GND Pin=U1-5_12
Removed Pin From Net: NetName=GND Pin=U1-5_13
Removed Pin From Net: NetName=GND Pin=U1-5_14
Removed Pin From Net: NetName=GND Pin=U1-5_15
Removed Pin From Net: NetName=GND Pin=U1-5_16
Removed Pin From Net: NetName=GND Pin=U1-5
Removed Pin From Net: NetName=GND Pin=U2-5_1
Removed Pin From Net: NetName=GND Pin=U2-5_2
Removed Pin From Net: NetName=GND Pin=U2-5_3
Removed Pin From Net: NetName=GND Pin=U2-5_4
Removed Pin From Net: NetName=GND Pin=U2-5_5
Removed Pin From Net: NetName=GND Pin=U2-5_6
Removed Pin From Net: NetName=GND Pin=U2-5_7
Removed Pin From Net: NetName=GND Pin=U2-5_8
Removed Pin From Net: NetName=GND Pin=U2-5_9
Removed Pin From Net: NetName=GND Pin=U2-5_10
Removed Pin From Net: NetName=GND Pin=U2-5_11
Removed Pin From Net: NetName=GND Pin=U2-5_12
Removed Pin From Net: NetName=GND Pin=U2-5_13
Removed Pin From Net: NetName=GND Pin=U2-5_14
Removed Pin From Net: NetName=GND Pin=U2-5_15
Removed Pin From Net: NetName=GND Pin=U2-5_16
Removed Pin From Net: NetName=GND Pin=U2-5
Added Pin To Net: NetName=power_GND Pin=U1-5
Added Pin To Net: NetName=power_GND Pin=U1-5_1
Added Pin To Net: NetName=power_GND Pin=U1-5_2
Added Pin To Net: NetName=power_GND Pin=U1-5_3
Added Pin To Net: NetName=power_GND Pin=U1-5_4
Added Pin To Net: NetName=power_GND Pin=U1-5_5
Added Pin To Net: NetName=power_GND Pin=U1-5_6
Added Pin To Net: NetName=power_GND Pin=U1-5_7
Added Pin To Net: NetName=power_GND Pin=U1-5_8
Added Pin To Net: NetName=power_GND Pin=U1-5_9
Added Pin To Net: NetName=power_GND Pin=U1-5_10
Added Pin To Net: NetName=power_GND Pin=U1-5_11
Added Pin To Net: NetName=power_GND Pin=U1-5_12
Added Pin To Net: NetName=power_GND Pin=U1-5_13
Added Pin To Net: NetName=power_GND Pin=U1-5_14
Added Pin To Net: NetName=power_GND Pin=U1-5_15
Added Pin To Net: NetName=power_GND Pin=U1-5_16
Added Pin To Net: NetName=power_GND Pin=U2-5
Added Pin To Net: NetName=power_GND Pin=U2-5_1
Added Pin To Net: NetName=power_GND Pin=U2-5_2
Added Pin To Net: NetName=power_GND Pin=U2-5_3
Added Pin To Net: NetName=power_GND Pin=U2-5_4
Added Pin To Net: NetName=power_GND Pin=U2-5_5
Added Pin To Net: NetName=power_GND Pin=U2-5_6
Added Pin To Net: NetName=power_GND Pin=U2-5_7
Added Pin To Net: NetName=power_GND Pin=U2-5_8
Added Pin To Net: NetName=power_GND Pin=U2-5_9
Added Pin To Net: NetName=power_GND Pin=U2-5_10
Added Pin To Net: NetName=power_GND Pin=U2-5_11
Added Pin To Net: NetName=power_GND Pin=U2-5_12
Added Pin To Net: NetName=power_GND Pin=U2-5_13
Added Pin To Net: NetName=power_GND Pin=U2-5_14
Added Pin To Net: NetName=power_GND Pin=U2-5_15
Added Pin To Net: NetName=power_GND Pin=U2-5_16
Added Net: Name=power_GND
Add Class: Class already exists: Designator
Added Rule: Name=Schematic Supply Nets_6
