Removed Pin From Net: NetName=uC_PWM3 Pin=CN4-2
Removed Pin From Net: NetName=uC_INT1 Pin=CN6-2
Added Component: Designator=C37(CAP SMD CE 0603 HR)
Add component (AddParameter): Name = "Custo mÈdio (R$)"; Value = "0.01221"; VariantName = "[No Variations]"
Add component (AddParameter): Name = "Custo padr„o (R$)"; Value = "0.0072"; VariantName = "[No Variations]"
Add component (AddParameter): Name = "Datasheet 1"; Value = "https://octopart.com/pt/datasheet/cl10b104kb8nnnc-samsung-9299375"; VariantName = "[No Variations]"
Add component (AddParameter): Name = "Datasheet 2"; Value = "N/A"; VariantName = "[No Variations]"
Add component (AddParameter): Name = "ERP"; Value = "5845"; VariantName = "[No Variations]"
Add component (AddParameter): Name = "Etapa"; Value = ""; VariantName = "[No Variations]"
Add component (AddParameter): Name = "HC 1"; Value = "N/A"; VariantName = "[No Variations]"
Add component (AddParameter): Name = "HC 2"; Value = "N/A"; VariantName = "[No Variations]"
Add component (AddParameter): Name = "Manufacturer 1"; Value = "SAMSUNG"; VariantName = "[No Variations]"
Add component (AddParameter): Name = "Manufacturer 2"; Value = "SAMSUNG ELECTRONICS"; VariantName = "[No Variations]"
Add component (AddParameter): Name = "Montagem"; Value = "SMD"; VariantName = "[No Variations]"
Add component (AddParameter): Name = "Package"; Value = "N/A"; VariantName = "[No Variations]"
Add component (AddParameter): Name = "Part Number 1"; Value = "CL10B104KB8NNNC"; VariantName = "[No Variations]"
Add component (AddParameter): Name = "Part Number 2"; Value = "CL10B104KB8NNNC"; VariantName = "[No Variations]"
Add component (AddParameter): Name = "Status"; Value = "1 - LIBERADO"; VariantName = "[No Variations]"
Add component (AddParameter): Name = "Supplier 1"; Value = "FUTURE ELECTRONICS CORP."; VariantName = "[No Variations]"
Add component (AddParameter): Name = "Supplier 2"; Value = "AVNET ELECTRONICS MARKETING"; VariantName = "[No Variations]"
Added Component: Designator=C38(CAP SMD CE 0603 HR)
Add component (AddParameter): Name = "Custo mÈdio (R$)"; Value = "0.01221"; VariantName = "[No Variations]"
Add component (AddParameter): Name = "Custo padr„o (R$)"; Value = "0.0072"; VariantName = "[No Variations]"
Add component (AddParameter): Name = "Datasheet 1"; Value = "https://octopart.com/pt/datasheet/cl10b104kb8nnnc-samsung-9299375"; VariantName = "[No Variations]"
Add component (AddParameter): Name = "Datasheet 2"; Value = "N/A"; VariantName = "[No Variations]"
Add component (AddParameter): Name = "ERP"; Value = "5845"; VariantName = "[No Variations]"
Add component (AddParameter): Name = "Etapa"; Value = ""; VariantName = "[No Variations]"
Add component (AddParameter): Name = "HC 1"; Value = "N/A"; VariantName = "[No Variations]"
Add component (AddParameter): Name = "HC 2"; Value = "N/A"; VariantName = "[No Variations]"
Add component (AddParameter): Name = "Manufacturer 1"; Value = "SAMSUNG"; VariantName = "[No Variations]"
Add component (AddParameter): Name = "Manufacturer 2"; Value = "SAMSUNG ELECTRONICS"; VariantName = "[No Variations]"
Add component (AddParameter): Name = "Montagem"; Value = "SMD"; VariantName = "[No Variations]"
Add component (AddParameter): Name = "Package"; Value = "N/A"; VariantName = "[No Variations]"
Add component (AddParameter): Name = "Part Number 1"; Value = "CL10B104KB8NNNC"; VariantName = "[No Variations]"
Add component (AddParameter): Name = "Part Number 2"; Value = "CL10B104KB8NNNC"; VariantName = "[No Variations]"
Add component (AddParameter): Name = "Status"; Value = "1 - LIBERADO"; VariantName = "[No Variations]"
Add component (AddParameter): Name = "Supplier 1"; Value = "FUTURE ELECTRONICS CORP."; VariantName = "[No Variations]"
Add component (AddParameter): Name = "Supplier 2"; Value = "AVNET ELECTRONICS MARKETING"; VariantName = "[No Variations]"
Added Pin To Net: NetName=GND Pin=C37-1
Added Pin To Net: NetName=+5V Pin=C37-2
Added Pin To Net: NetName=GND Pin=C38-1
Added Pin To Net: NetName=+5V Pin=C38-2
Added Pin To Net: NetName=uC_INT1 Pin=CN4-2
Added Pin To Net: NetName=uC_PWM3 Pin=CN6-2
Add Class: Class already exists: Designator
Added Member To Class: ClassName=Designator Member=Component C37 100nF/50V
Added Member To Class: ClassName=Designator Member=Component C38 100nF/50V
