Change Component Designator: Old Designator=B? New Designator=B1
Change Component Designator: Old Designator=BM? New Designator=BM1
Change Component Designator: Old Designator=C9 New Designator=C24
Change Component Designator: Old Designator=C10 New Designator=C25
Change Component Designator: Old Designator=C11 New Designator=C26
Change Component Designator: Old Designator=C12 New Designator=C27
Change Component Designator: Old Designator=C13 New Designator=C28
Change Component Designator: Old Designator=C14 New Designator=C29
Change Component Designator: Old Designator=C15 New Designator=C30
Change Component Designator: Old Designator=C16 New Designator=C32
Change Component Designator: Old Designator=C17 New Designator=C33
Change Component Designator: Old Designator=C18 New Designator=C34
Change Component Designator: Old Designator=C19 New Designator=C35
Change Component Designator: Old Designator=C? New Designator=C23
Change Component Designator: Old Designator=C? New Designator=C31
Change Component Designator: Old Designator=CI3 New Designator=CI5
Change Component Designator: Old Designator=CN? New Designator=CN1
Change Component Designator: Old Designator=CN? New Designator=CN2
Change Component Designator: Old Designator=CN? New Designator=CN3
Change Component Designator: Old Designator=D5 New Designator=D7
Change Component Designator: Old Designator=D6 New Designator=D8
Change Component Designator: Old Designator=D7 New Designator=D9
Change Component Designator: Old Designator=FD? New Designator=FD1
Change Component Designator: Old Designator=FD? New Designator=FD2
Change Component Designator: Old Designator=FD? New Designator=FD3
Change Component Designator: Old Designator=FD? New Designator=FD4
Change Component Designator: Old Designator=ID? New Designator=ID1
Change Component Designator: Old Designator=ID? New Designator=ID2
Change Component Designator: Old Designator=R33 New Designator=R57
Change Component Designator: Old Designator=R34 New Designator=R58
Change Component Designator: Old Designator=R35 New Designator=R59
Change Component Designator: Old Designator=R36 New Designator=R60
Change Component Designator: Old Designator=R37 New Designator=R61
Change Component Designator: Old Designator=R38 New Designator=R62
Change Component Designator: Old Designator=R39 New Designator=R63
Change Component Designator: Old Designator=R40 New Designator=R64
Change Component Designator: Old Designator=R41 New Designator=R65
Change Component Designator: Old Designator=R42 New Designator=R67
Change Component Designator: Old Designator=R43 New Designator=R69
Change Component Designator: Old Designator=R44 New Designator=R68
Change Component Designator: Old Designator=R45 New Designator=R70
Change Component Designator: Old Designator=R? New Designator=R66
Change Component Designator: Old Designator=T13 New Designator=T21
Change Component Designator: Old Designator=T14 New Designator=T22
