Removed Pin From Net: NetName=VCC Pin=D4-1
Removed Pin From Net: NetName=VCC Pin=D6-1
Added Component: Designator=TRM?(Terminal Faston Macho 180° OBLONGO COM SUPORTE)
Add component (AddParameter): Name = "Custo médio (R$)"; Value = ""; VariantName = "[No Variations]"
Add component (AddParameter): Name = "Custo padrăo (R$)"; Value = ""; VariantName = "[No Variations]"
Add component (AddParameter): Name = "Datasheet 1"; Value = ""; VariantName = "[No Variations]"
Add component (AddParameter): Name = "Datasheet 2"; Value = ""; VariantName = "[No Variations]"
Add component (AddParameter): Name = "ERP"; Value = "22116"; VariantName = "[No Variations]"
Add component (AddParameter): Name = "Etapa"; Value = ""; VariantName = "[No Variations]"
Add component (AddParameter): Name = "HC 1"; Value = ""; VariantName = "[No Variations]"
Add component (AddParameter): Name = "HC 2"; Value = ""; VariantName = "[No Variations]"
Add component (AddParameter): Name = "Manufacturer 1"; Value = ""; VariantName = "[No Variations]"
Add component (AddParameter): Name = "Manufacturer 2"; Value = ""; VariantName = "[No Variations]"
Add component (AddParameter): Name = "Package"; Value = ""; VariantName = "[No Variations]"
Add component (AddParameter): Name = "Part Number 1"; Value = ""; VariantName = "[No Variations]"
Add component (AddParameter): Name = "Part Number 2"; Value = ""; VariantName = "[No Variations]"
Add component (AddParameter): Name = "Status"; Value = ""; VariantName = "[No Variations]"
Add component (AddParameter): Name = "Supplier 1"; Value = ""; VariantName = "[No Variations]"
Add component (AddParameter): Name = "Supplier 2"; Value = ""; VariantName = "[No Variations]"
Added Component: Designator=TRM?(Terminal Faston Macho 180° OBLONGO COM SUPORTE)
Add component (AddParameter): Name = "Custo médio (R$)"; Value = ""; VariantName = "[No Variations]"
Add component (AddParameter): Name = "Custo padrăo (R$)"; Value = ""; VariantName = "[No Variations]"
Add component (AddParameter): Name = "Datasheet 1"; Value = ""; VariantName = "[No Variations]"
Add component (AddParameter): Name = "Datasheet 2"; Value = ""; VariantName = "[No Variations]"
Add component (AddParameter): Name = "ERP"; Value = "22116"; VariantName = "[No Variations]"
Add component (AddParameter): Name = "Etapa"; Value = ""; VariantName = "[No Variations]"
Add component (AddParameter): Name = "HC 1"; Value = ""; VariantName = "[No Variations]"
Add component (AddParameter): Name = "HC 2"; Value = ""; VariantName = "[No Variations]"
Add component (AddParameter): Name = "Manufacturer 1"; Value = ""; VariantName = "[No Variations]"
Add component (AddParameter): Name = "Manufacturer 2"; Value = ""; VariantName = "[No Variations]"
Add component (AddParameter): Name = "Package"; Value = ""; VariantName = "[No Variations]"
Add component (AddParameter): Name = "Part Number 1"; Value = ""; VariantName = "[No Variations]"
Add component (AddParameter): Name = "Part Number 2"; Value = ""; VariantName = "[No Variations]"
Add component (AddParameter): Name = "Status"; Value = ""; VariantName = "[No Variations]"
Add component (AddParameter): Name = "Supplier 1"; Value = ""; VariantName = "[No Variations]"
Add component (AddParameter): Name = "Supplier 2"; Value = ""; VariantName = "[No Variations]"
Added Component: Designator=TRM?(Terminal Faston Macho 180° OBLONGO COM SUPORTE)
Add component (AddParameter): Name = "Custo médio (R$)"; Value = ""; VariantName = "[No Variations]"
Add component (AddParameter): Name = "Custo padrăo (R$)"; Value = ""; VariantName = "[No Variations]"
Add component (AddParameter): Name = "Datasheet 1"; Value = ""; VariantName = "[No Variations]"
Add component (AddParameter): Name = "Datasheet 2"; Value = ""; VariantName = "[No Variations]"
Add component (AddParameter): Name = "ERP"; Value = "22116"; VariantName = "[No Variations]"
Add component (AddParameter): Name = "Etapa"; Value = ""; VariantName = "[No Variations]"
Add component (AddParameter): Name = "HC 1"; Value = ""; VariantName = "[No Variations]"
Add component (AddParameter): Name = "HC 2"; Value = ""; VariantName = "[No Variations]"
Add component (AddParameter): Name = "Manufacturer 1"; Value = ""; VariantName = "[No Variations]"
Add component (AddParameter): Name = "Manufacturer 2"; Value = ""; VariantName = "[No Variations]"
Add component (AddParameter): Name = "Package"; Value = ""; VariantName = "[No Variations]"
Add component (AddParameter): Name = "Part Number 1"; Value = ""; VariantName = "[No Variations]"
Add component (AddParameter): Name = "Part Number 2"; Value = ""; VariantName = "[No Variations]"
Add component (AddParameter): Name = "Status"; Value = ""; VariantName = "[No Variations]"
Add component (AddParameter): Name = "Supplier 1"; Value = ""; VariantName = "[No Variations]"
Add component (AddParameter): Name = "Supplier 2"; Value = ""; VariantName = "[No Variations]"
Added Component: Designator=TRM?(Terminal Faston Macho 180° OBLONGO COM SUPORTE)
Add component (AddParameter): Name = "Custo médio (R$)"; Value = ""; VariantName = "[No Variations]"
Add component (AddParameter): Name = "Custo padrăo (R$)"; Value = ""; VariantName = "[No Variations]"
Add component (AddParameter): Name = "Datasheet 1"; Value = ""; VariantName = "[No Variations]"
Add component (AddParameter): Name = "Datasheet 2"; Value = ""; VariantName = "[No Variations]"
Add component (AddParameter): Name = "ERP"; Value = "22116"; VariantName = "[No Variations]"
Add component (AddParameter): Name = "Etapa"; Value = ""; VariantName = "[No Variations]"
Add component (AddParameter): Name = "HC 1"; Value = ""; VariantName = "[No Variations]"
Add component (AddParameter): Name = "HC 2"; Value = ""; VariantName = "[No Variations]"
Add component (AddParameter): Name = "Manufacturer 1"; Value = ""; VariantName = "[No Variations]"
Add component (AddParameter): Name = "Manufacturer 2"; Value = ""; VariantName = "[No Variations]"
Add component (AddParameter): Name = "Package"; Value = ""; VariantName = "[No Variations]"
Add component (AddParameter): Name = "Part Number 1"; Value = ""; VariantName = "[No Variations]"
Add component (AddParameter): Name = "Part Number 2"; Value = ""; VariantName = "[No Variations]"
Add component (AddParameter): Name = "Status"; Value = ""; VariantName = "[No Variations]"
Add component (AddParameter): Name = "Supplier 1"; Value = ""; VariantName = "[No Variations]"
Add component (AddParameter): Name = "Supplier 2"; Value = ""; VariantName = "[No Variations]"
Added Component: Designator=TRM?(Terminal Faston Macho 180° OBLONGO COM SUPORTE)
Add component (AddParameter): Name = "Custo médio (R$)"; Value = ""; VariantName = "[No Variations]"
Add component (AddParameter): Name = "Custo padrăo (R$)"; Value = ""; VariantName = "[No Variations]"
Add component (AddParameter): Name = "Datasheet 1"; Value = ""; VariantName = "[No Variations]"
Add component (AddParameter): Name = "Datasheet 2"; Value = ""; VariantName = "[No Variations]"
Add component (AddParameter): Name = "ERP"; Value = "22116"; VariantName = "[No Variations]"
Add component (AddParameter): Name = "Etapa"; Value = ""; VariantName = "[No Variations]"
Add component (AddParameter): Name = "HC 1"; Value = ""; VariantName = "[No Variations]"
Add component (AddParameter): Name = "HC 2"; Value = ""; VariantName = "[No Variations]"
Add component (AddParameter): Name = "Manufacturer 1"; Value = ""; VariantName = "[No Variations]"
Add component (AddParameter): Name = "Manufacturer 2"; Value = ""; VariantName = "[No Variations]"
Add component (AddParameter): Name = "Package"; Value = ""; VariantName = "[No Variations]"
Add component (AddParameter): Name = "Part Number 1"; Value = ""; VariantName = "[No Variations]"
Add component (AddParameter): Name = "Part Number 2"; Value = ""; VariantName = "[No Variations]"
Add component (AddParameter): Name = "Status"; Value = ""; VariantName = "[No Variations]"
Add component (AddParameter): Name = "Supplier 1"; Value = ""; VariantName = "[No Variations]"
Add component (AddParameter): Name = "Supplier 2"; Value = ""; VariantName = "[No Variations]"
Added Pin To Net: NetName=GND Pin=C1-2
Added Pin To Net: NetName=GND Pin=C4-2
Added Pin To Net: NetName=GND Pin=C7-2
Added Pin To Net: NetName=GND Pin=C12-2
Added Pin To Net: NetName=GND Pin=C15-2
Added Pin To Net: NetName=GND Pin=C18-2
Added Pin To Net: NetName=GND Pin=CI1-2
Added Pin To Net: NetName=GND Pin=CI3-2
Added Pin To Net: NetName=GND Pin=D1-1
Added Pin To Net: NetName=GND Pin=D2-1
Added Pin To Net: NetName=GND Pin=R19-1
Added Pin To Net: NetName=GND Pin=R38-1
Added Pin To Net: NetName=PWM_OUT1 Pin=TRM?-1
Added Pin To Net: NetName=PWM_OUT1 Pin=TRM?-1
Added Pin To Net: NetName=PWM_OUT2 Pin=TRM?-1
Added Pin To Net: NetName=PWM_OUT2 Pin=TRM?-1
Added Pin To Net: NetName=VCC1 Pin=D4-1
Added Pin To Net: NetName=VCC1 Pin=TRM?-1
Added Pin To Net: NetName=VCC1 Pin=TRM?-1
Added Net: Name=VCC1
Added Pin To Net: NetName=VCC2 Pin=D6-1
Added Pin To Net: NetName=VCC2 Pin=TRM?-1
Added Pin To Net: NetName=VCC2 Pin=TRM?-1
Added Net: Name=VCC2
Add Class: Class already exists: Designator
Added Rule: Name=Schematic Supply Nets_6
Added Rule: Name=Schematic Supply Nets_9
