Removed Pin From Net: NetName=0~5V-1 Pin=C5-1
Removed Pin From Net: NetName=GND Pin=C5-2
Removed Pin From Net: NetName=0~5V-2 Pin=C15-1
Removed Pin From Net: NetName=GND Pin=C15-2
Removed Pin From Net: NetName=VCC Pin=J1-5
Removed Pin From Net: NetName=VCC Pin=J1-6
Removed Pin From Net: NetName=IN_DIG2 Pin=J1-7
Removed Pin From Net: NetName=CANL Pin=J1-8
Removed Pin From Net: NetName=PWM_OUT4 Pin=J1-13
Removed Pin From Net: NetName=PWM_OUT3 Pin=J1-14
Removed Pin From Net: NetName=IN_DIG1 Pin=J1-15
Removed Pin From Net: NetName=uC_PWM5 Pin=R2-1
Removed Pin From Net: NetName=0~5V-1 Pin=R2-2
Removed Pin From Net: NetName=NetC8_1 Pin=R9-1
Removed Pin From Net: NetName=NetC10_1 Pin=R9-2
Change Component Footprint: Designator=C1 Old Footprint=CAP SMD CE 0402 HR New Footprint=CAP SMD CE 0603 HR
Change Component Footprint: Designator=C4 Old Footprint=CAP SMD CE 0402 HR New Footprint=CAP SMD CE 0603 HR
Change Component Footprint: Designator=C12 Old Footprint=CAP SMD CE 0402 HR New Footprint=CAP SMD CE 0603 HR
Change Component Footprint: Designator=C8 Old Footprint=CAP SMD CE 0402 HR New Footprint=CAP SMD CE 0603 MR
Change Component Footprint: Designator=C18 Old Footprint=CAP SMD CE 0603 HR New Footprint=CAP SMD CE 0603 MR
Change Component Footprint: Designator=R9 Old Footprint=RES SMD CH 0402 HR New Footprint=RES SMD CH 0603 HR
Change Component Footprint: Designator=R15 Old Footprint=RES SMD CH 0402 HR New Footprint=RES SMD CH 0603 HR
Change Component Footprint: Designator=R16 Old Footprint=RES SMD CH 0402 HR New Footprint=RES SMD CH 0603 HR
Change Component Footprint: Designator=R17 Old Footprint=RES SMD CH 0402 HR New Footprint=RES SMD CH 0603 HR
Change Component Comment : Designator=C8 Old Comment=1uF/10V New Comment=2.2uF/16V
Change Component Comment : Designator=C18 Old Comment=1uF/50V New Comment=2.2uF/16V
Change Component Comment : Designator=C14 Old Comment=1uF/50V New Comment=100nF/50V
Change Component Comment : Designator=C4 Old Comment=10uF/10V New Comment=100nF/50V
Change Component Comment : Designator=C1 Old Comment=100nF/16V New Comment=100nF/50V
Change Component Comment : Designator=C12 Old Comment=100nF/16V New Comment=100nF/50V
Change Component Designator: OldDesignator=C6 NewDesignator=C5
Change Component Designator: OldDesignator=C7 NewDesignator=C6
Change Component Designator: OldDesignator=C16 NewDesignator=C15
Change Component Designator: OldDesignator=C17 NewDesignator=C16
Change Component Designator: OldDesignator=R3 NewDesignator=R2
Change Component Designator: OldDesignator=R4 NewDesignator=R3
Change Component Designator: OldDesignator=R5 NewDesignator=R4
Change Managed Component Library Link : Designator=C1 Old VaultGUID=6D3AE728-7EFB-4055-B10D-18B16094236A New VaultGUID=6D3AE728-7EFB-4055-B10D-18B16094236A Old ItemGUID=2A6AA669-5171-406C-BAF9-6987B417D043 New ItemGUID=93FA68AE-5CD5-4E34-B12A-DCA442C32708 Old RevisionGUID=14CE04F4-636E-4D14-9083-8C4CCE8B9634 New RevisionGUID=90F87D96-AF43-4988-9850-E4F7B91AB0BC
Change Managed Component Library Link : Designator=C4 Old VaultGUID=6D3AE728-7EFB-4055-B10D-18B16094236A New VaultGUID=6D3AE728-7EFB-4055-B10D-18B16094236A Old ItemGUID=00192B72-2399-4B04-A4F7-3A1B5B2BF098 New ItemGUID=93FA68AE-5CD5-4E34-B12A-DCA442C32708 Old RevisionGUID=31F00B16-7B74-432D-824B-46209F596C7A New RevisionGUID=90F87D96-AF43-4988-9850-E4F7B91AB0BC
Change Managed Component Library Link : Designator=C8 Old VaultGUID=6D3AE728-7EFB-4055-B10D-18B16094236A New VaultGUID=6D3AE728-7EFB-4055-B10D-18B16094236A Old ItemGUID=CD538E46-257C-4604-A2E1-488D80DD39A2 New ItemGUID=D87FC0AA-3817-41FE-B48F-F031A1C7A3CE Old RevisionGUID=D7E99FF7-4C1D-42B9-B3DD-6AB577FF4EC7 New RevisionGUID=BEFAF48D-FE35-464E-B3C1-BA04B9208FD8
Change Managed Component Library Link : Designator=C12 Old VaultGUID=6D3AE728-7EFB-4055-B10D-18B16094236A New VaultGUID=6D3AE728-7EFB-4055-B10D-18B16094236A Old ItemGUID=2A6AA669-5171-406C-BAF9-6987B417D043 New ItemGUID=93FA68AE-5CD5-4E34-B12A-DCA442C32708 Old RevisionGUID=14CE04F4-636E-4D14-9083-8C4CCE8B9634 New RevisionGUID=90F87D96-AF43-4988-9850-E4F7B91AB0BC
Change Managed Component Library Link : Designator=C14 Old VaultGUID=6D3AE728-7EFB-4055-B10D-18B16094236A New VaultGUID=6D3AE728-7EFB-4055-B10D-18B16094236A Old ItemGUID=C5C549F7-4212-4846-A793-AA0BE04BA3B3 New ItemGUID=93FA68AE-5CD5-4E34-B12A-DCA442C32708 Old RevisionGUID=79407584-1DA0-4346-A59F-E6751FAFBBDC New RevisionGUID=90F87D96-AF43-4988-9850-E4F7B91AB0BC
Change Managed Component Library Link : Designator=C18 Old VaultGUID=6D3AE728-7EFB-4055-B10D-18B16094236A New VaultGUID=6D3AE728-7EFB-4055-B10D-18B16094236A Old ItemGUID=C5C549F7-4212-4846-A793-AA0BE04BA3B3 New ItemGUID=D87FC0AA-3817-41FE-B48F-F031A1C7A3CE Old RevisionGUID=79407584-1DA0-4346-A59F-E6751FAFBBDC New RevisionGUID=BEFAF48D-FE35-464E-B3C1-BA04B9208FD8
Change Managed Component Library Link : Designator=R9 Old VaultGUID=6D3AE728-7EFB-4055-B10D-18B16094236A New VaultGUID=6D3AE728-7EFB-4055-B10D-18B16094236A Old ItemGUID=3F256BDF-E137-4CDF-9DDC-561E2AD57377 New ItemGUID=3B4954E6-5719-4940-9286-4637EEC69B2A Old RevisionGUID=5818A68F-F9EE-48BE-9438-FD0468AC33C6 New RevisionGUID=5D0619FA-1D69-4FEB-AB7C-B58C9890BC7F
Change Managed Component Library Link : Designator=R15 Old VaultGUID=6D3AE728-7EFB-4055-B10D-18B16094236A New VaultGUID=6D3AE728-7EFB-4055-B10D-18B16094236A Old ItemGUID=A9BBD2FF-0665-49AC-8BE0-F97297AC3FA6 New ItemGUID=5E7A5D2F-08BD-4CC4-9C30-E6DB754B2D81 Old RevisionGUID=8107515A-EA72-480E-8E0F-B446E3E2D3C2 New RevisionGUID=366E1227-B46E-4D18-9515-8FD71B70E7F5
Change Managed Component Library Link : Designator=R16 Old VaultGUID=6D3AE728-7EFB-4055-B10D-18B16094236A New VaultGUID=6D3AE728-7EFB-4055-B10D-18B16094236A Old ItemGUID=A9BBD2FF-0665-49AC-8BE0-F97297AC3FA6 New ItemGUID=5E7A5D2F-08BD-4CC4-9C30-E6DB754B2D81 Old RevisionGUID=8107515A-EA72-480E-8E0F-B446E3E2D3C2 New RevisionGUID=366E1227-B46E-4D18-9515-8FD71B70E7F5
Change Managed Component Library Link : Designator=R17 Old VaultGUID=6D3AE728-7EFB-4055-B10D-18B16094236A New VaultGUID=6D3AE728-7EFB-4055-B10D-18B16094236A Old ItemGUID=A9BBD2FF-0665-49AC-8BE0-F97297AC3FA6 New ItemGUID=5E7A5D2F-08BD-4CC4-9C30-E6DB754B2D81 Old RevisionGUID=8107515A-EA72-480E-8E0F-B446E3E2D3C2 New RevisionGUID=366E1227-B46E-4D18-9515-8FD71B70E7F5
Change component parameters: Designator = "C1" ("C1"); Footprint = "CAP SMD CE 0402 HR"; UniqueID = "\BMIDKHIY\BBMKHUVD" ("\BMIDKHIY\BBMKHUVD")
Change component parameters (AddParameter): Name = "Custo médio (R$)"; Value = "0.01221"; VariantName = "[No Variations]"
Change component parameters (AddParameter): Name = "Custo padrăo (R$)"; Value = "0.0072"; VariantName = "[No Variations]"
Change component parameters (AddParameter): Name = "Datasheet 1"; Value = "https://octopart.com/pt/datasheet/cl10b104kb8nnnc-samsung-9299375"; VariantName = "[No Variations]"
Change component parameters (AddParameter): Name = "Datasheet 2"; Value = "N/A"; VariantName = "[No Variations]"
Change component parameters (AddParameter): Name = "ERP"; Value = "5845"; VariantName = "[No Variations]"
Change component parameters (AddParameter): Name = "Etapa"; Value = ""; VariantName = "[No Variations]"
Change component parameters (AddParameter): Name = "HC 1"; Value = "N/A"; VariantName = "[No Variations]"
Change component parameters (AddParameter): Name = "HC 2"; Value = "N/A"; VariantName = "[No Variations]"
Change component parameters (AddParameter): Name = "Manufacturer 1"; Value = "SAMSUNG"; VariantName = "[No Variations]"
Change component parameters (AddParameter): Name = "Manufacturer 2"; Value = "SAMSUNG ELECTRONICS"; VariantName = "[No Variations]"
Change component parameters (AddParameter): Name = "Montagem"; Value = "SMD"; VariantName = "[No Variations]"
Change component parameters (AddParameter): Name = "Package"; Value = "N/A"; VariantName = "[No Variations]"
Change component parameters (AddParameter): Name = "Part Number 1"; Value = "CL10B104KB8NNNC"; VariantName = "[No Variations]"
Change component parameters (AddParameter): Name = "Part Number 2"; Value = "CL10B104KB8NNNC"; VariantName = "[No Variations]"
Change component parameters (AddParameter): Name = "Status"; Value = "1 - LIBERADO"; VariantName = "[No Variations]"
Change component parameters (AddParameter): Name = "Supplier 1"; Value = "FUTURE ELECTRONICS CORP."; VariantName = "[No Variations]"
Change component parameters (AddParameter): Name = "Supplier 2"; Value = "AVNET ELECTRONICS MARKETING"; VariantName = "[No Variations]"
Change component parameters: Designator = "C4" ("C4"); Footprint = "CAP SMD CE 0402 HR"; UniqueID = "\BMIDKHIY\PSFCCETN" ("\BMIDKHIY\PSFCCETN")
Change component parameters (AddParameter): Name = "Custo médio (R$)"; Value = "0.01221"; VariantName = "[No Variations]"
Change component parameters (AddParameter): Name = "Custo padrăo (R$)"; Value = "0.0072"; VariantName = "[No Variations]"
Change component parameters (AddParameter): Name = "Datasheet 1"; Value = "https://octopart.com/pt/datasheet/cl10b104kb8nnnc-samsung-9299375"; VariantName = "[No Variations]"
Change component parameters (AddParameter): Name = "Datasheet 2"; Value = "N/A"; VariantName = "[No Variations]"
Change component parameters (AddParameter): Name = "ERP"; Value = "5845"; VariantName = "[No Variations]"
Change component parameters (AddParameter): Name = "Etapa"; Value = ""; VariantName = "[No Variations]"
Change component parameters (AddParameter): Name = "HC 1"; Value = "N/A"; VariantName = "[No Variations]"
Change component parameters (AddParameter): Name = "HC 2"; Value = "N/A"; VariantName = "[No Variations]"
Change component parameters (AddParameter): Name = "Manufacturer 1"; Value = "SAMSUNG"; VariantName = "[No Variations]"
Change component parameters (AddParameter): Name = "Manufacturer 2"; Value = "SAMSUNG ELECTRONICS"; VariantName = "[No Variations]"
Change component parameters (AddParameter): Name = "Montagem"; Value = "SMD"; VariantName = "[No Variations]"
Change component parameters (AddParameter): Name = "Package"; Value = "N/A"; VariantName = "[No Variations]"
Change component parameters (AddParameter): Name = "Part Number 1"; Value = "CL10B104KB8NNNC"; VariantName = "[No Variations]"
Change component parameters (AddParameter): Name = "Part Number 2"; Value = "CL10B104KB8NNNC"; VariantName = "[No Variations]"
Change component parameters (AddParameter): Name = "Status"; Value = "1 - LIBERADO"; VariantName = "[No Variations]"
Change component parameters (AddParameter): Name = "Supplier 1"; Value = "FUTURE ELECTRONICS CORP."; VariantName = "[No Variations]"
Change component parameters (AddParameter): Name = "Supplier 2"; Value = "AVNET ELECTRONICS MARKETING"; VariantName = "[No Variations]"
Change component parameters: Designator = "C8" ("C8"); Footprint = "CAP SMD CE 0402 HR"; UniqueID = "\BMIDKHIY\IBMQJISL" ("\BMIDKHIY\IBMQJISL")
Change component parameters (AddParameter): Name = "Custo médio (R$)"; Value = "0.04216"; VariantName = "[No Variations]"
Change component parameters (AddParameter): Name = "Custo padrăo (R$)"; Value = "0.0288"; VariantName = "[No Variations]"
Change component parameters (AddParameter): Name = "Datasheet 1"; Value = "https://octopart.com/pt/datasheet/cl10a225ko8nnnc-samsung-19018971"; VariantName = "[No Variations]"
Change component parameters (AddParameter): Name = "Datasheet 2"; Value = "L:\imagens\6995-1.jpg"; VariantName = "[No Variations]"
Change component parameters (AddParameter): Name = "ERP"; Value = "5849"; VariantName = "[No Variations]"
Change component parameters (AddParameter): Name = "Etapa"; Value = ""; VariantName = "[No Variations]"
Change component parameters (AddParameter): Name = "HC 1"; Value = "N/A"; VariantName = "[No Variations]"
Change component parameters (AddParameter): Name = "HC 2"; Value = "N/A"; VariantName = "[No Variations]"
Change component parameters (AddParameter): Name = "Manufacturer 1"; Value = "SAMSUNG"; VariantName = "[No Variations]"
Change component parameters (AddParameter): Name = "Manufacturer 2"; Value = "MURATA ELECTRONICS"; VariantName = "[No Variations]"
Change component parameters (AddParameter): Name = "Montagem"; Value = "SMD"; VariantName = "[No Variations]"
Change component parameters (AddParameter): Name = "Package"; Value = "N/A"; VariantName = "[No Variations]"
Change component parameters (AddParameter): Name = "Part Number 1"; Value = "CL10A225KO8NNNC"; VariantName = "[No Variations]"
Change component parameters (AddParameter): Name = "Part Number 2"; Value = "GRM188R61C225KE15D"; VariantName = "[No Variations]"
Change component parameters (AddParameter): Name = "Status"; Value = "1 - LIBERADO"; VariantName = "[No Variations]"
Change component parameters (AddParameter): Name = "Supplier 1"; Value = "FUTURE ELECTRONICS CORP."; VariantName = "[No Variations]"
Change component parameters (AddParameter): Name = "Supplier 2"; Value = "AVNET ELECTRONICS MARKETING"; VariantName = "[No Variations]"
Change component parameters: Designator = "C12" ("C12"); Footprint = "CAP SMD CE 0402 HR"; UniqueID = "\BMIDKHIY\LBGUFNBV" ("\BMIDKHIY\LBGUFNBV")
Change component parameters (AddParameter): Name = "Custo médio (R$)"; Value = "0.01221"; VariantName = "[No Variations]"
Change component parameters (AddParameter): Name = "Custo padrăo (R$)"; Value = "0.0072"; VariantName = "[No Variations]"
Change component parameters (AddParameter): Name = "Datasheet 1"; Value = "https://octopart.com/pt/datasheet/cl10b104kb8nnnc-samsung-9299375"; VariantName = "[No Variations]"
Change component parameters (AddParameter): Name = "Datasheet 2"; Value = "N/A"; VariantName = "[No Variations]"
Change component parameters (AddParameter): Name = "ERP"; Value = "5845"; VariantName = "[No Variations]"
Change component parameters (AddParameter): Name = "Etapa"; Value = ""; VariantName = "[No Variations]"
Change component parameters (AddParameter): Name = "HC 1"; Value = "N/A"; VariantName = "[No Variations]"
Change component parameters (AddParameter): Name = "HC 2"; Value = "N/A"; VariantName = "[No Variations]"
Change component parameters (AddParameter): Name = "Manufacturer 1"; Value = "SAMSUNG"; VariantName = "[No Variations]"
Change component parameters (AddParameter): Name = "Manufacturer 2"; Value = "SAMSUNG ELECTRONICS"; VariantName = "[No Variations]"
Change component parameters (AddParameter): Name = "Montagem"; Value = "SMD"; VariantName = "[No Variations]"
Change component parameters (AddParameter): Name = "Package"; Value = "N/A"; VariantName = "[No Variations]"
Change component parameters (AddParameter): Name = "Part Number 1"; Value = "CL10B104KB8NNNC"; VariantName = "[No Variations]"
Change component parameters (AddParameter): Name = "Part Number 2"; Value = "CL10B104KB8NNNC"; VariantName = "[No Variations]"
Change component parameters (AddParameter): Name = "Status"; Value = "1 - LIBERADO"; VariantName = "[No Variations]"
Change component parameters (AddParameter): Name = "Supplier 1"; Value = "FUTURE ELECTRONICS CORP."; VariantName = "[No Variations]"
Change component parameters (AddParameter): Name = "Supplier 2"; Value = "AVNET ELECTRONICS MARKETING"; VariantName = "[No Variations]"
Change component parameters: Designator = "C14" ("C14"); Footprint = "CAP SMD CE 0603 HR"; UniqueID = "\BMIDKHIY\DVESYUYR" ("\BMIDKHIY\DVESYUYR")
Change component parameters (AddParameter): Name = "Custo médio (R$)"; Value = "0.01221"; VariantName = "[No Variations]"
Change component parameters (AddParameter): Name = "Custo padrăo (R$)"; Value = "0.0072"; VariantName = "[No Variations]"
Change component parameters (AddParameter): Name = "Datasheet 1"; Value = "https://octopart.com/pt/datasheet/cl10b104kb8nnnc-samsung-9299375"; VariantName = "[No Variations]"
Change component parameters (AddParameter): Name = "Datasheet 2"; Value = "N/A"; VariantName = "[No Variations]"
Change component parameters (AddParameter): Name = "ERP"; Value = "5845"; VariantName = "[No Variations]"
Change component parameters (AddParameter): Name = "Etapa"; Value = ""; VariantName = "[No Variations]"
Change component parameters (AddParameter): Name = "HC 1"; Value = "N/A"; VariantName = "[No Variations]"
Change component parameters (AddParameter): Name = "HC 2"; Value = "N/A"; VariantName = "[No Variations]"
Change component parameters (AddParameter): Name = "Manufacturer 1"; Value = "SAMSUNG"; VariantName = "[No Variations]"
Change component parameters (AddParameter): Name = "Manufacturer 2"; Value = "SAMSUNG ELECTRONICS"; VariantName = "[No Variations]"
Change component parameters (AddParameter): Name = "Montagem"; Value = "SMD"; VariantName = "[No Variations]"
Change component parameters (AddParameter): Name = "Package"; Value = "N/A"; VariantName = "[No Variations]"
Change component parameters (AddParameter): Name = "Part Number 1"; Value = "CL10B104KB8NNNC"; VariantName = "[No Variations]"
Change component parameters (AddParameter): Name = "Part Number 2"; Value = "CL10B104KB8NNNC"; VariantName = "[No Variations]"
Change component parameters (AddParameter): Name = "Status"; Value = "1 - LIBERADO"; VariantName = "[No Variations]"
Change component parameters (AddParameter): Name = "Supplier 1"; Value = "FUTURE ELECTRONICS CORP."; VariantName = "[No Variations]"
Change component parameters (AddParameter): Name = "Supplier 2"; Value = "AVNET ELECTRONICS MARKETING"; VariantName = "[No Variations]"
Change component parameters: Designator = "C18" ("C18"); Footprint = "CAP SMD CE 0603 HR"; UniqueID = "\BMIDKHIY\GPZEPICE" ("\BMIDKHIY\GPZEPICE")
Change component parameters (AddParameter): Name = "Custo médio (R$)"; Value = "0.04216"; VariantName = "[No Variations]"
Change component parameters (AddParameter): Name = "Custo padrăo (R$)"; Value = "0.0288"; VariantName = "[No Variations]"
Change component parameters (AddParameter): Name = "Datasheet 1"; Value = "https://octopart.com/pt/datasheet/cl10a225ko8nnnc-samsung-19018971"; VariantName = "[No Variations]"
Change component parameters (AddParameter): Name = "Datasheet 2"; Value = "L:\imagens\6995-1.jpg"; VariantName = "[No Variations]"
Change component parameters (AddParameter): Name = "ERP"; Value = "5849"; VariantName = "[No Variations]"
Change component parameters (AddParameter): Name = "Etapa"; Value = ""; VariantName = "[No Variations]"
Change component parameters (AddParameter): Name = "HC 1"; Value = "N/A"; VariantName = "[No Variations]"
Change component parameters (AddParameter): Name = "HC 2"; Value = "N/A"; VariantName = "[No Variations]"
Change component parameters (AddParameter): Name = "Manufacturer 1"; Value = "SAMSUNG"; VariantName = "[No Variations]"
Change component parameters (AddParameter): Name = "Manufacturer 2"; Value = "MURATA ELECTRONICS"; VariantName = "[No Variations]"
Change component parameters (AddParameter): Name = "Montagem"; Value = "SMD"; VariantName = "[No Variations]"
Change component parameters (AddParameter): Name = "Package"; Value = "N/A"; VariantName = "[No Variations]"
Change component parameters (AddParameter): Name = "Part Number 1"; Value = "CL10A225KO8NNNC"; VariantName = "[No Variations]"
Change component parameters (AddParameter): Name = "Part Number 2"; Value = "GRM188R61C225KE15D"; VariantName = "[No Variations]"
Change component parameters (AddParameter): Name = "Status"; Value = "1 - LIBERADO"; VariantName = "[No Variations]"
Change component parameters (AddParameter): Name = "Supplier 1"; Value = "FUTURE ELECTRONICS CORP."; VariantName = "[No Variations]"
Change component parameters (AddParameter): Name = "Supplier 2"; Value = "AVNET ELECTRONICS MARKETING"; VariantName = "[No Variations]"
Change component parameters: Designator = "R9" ("R9"); Footprint = "RES SMD CH 0402 HR"; UniqueID = "\BMIDKHIY\WNHLZIPO" ("\BMIDKHIY\WNHLZIPO")
Change component parameters (AddParameter): Name = "Custo médio (R$)"; Value = "0.00558"; VariantName = "[No Variations]"
Change component parameters (AddParameter): Name = "Custo padrăo (R$)"; Value = "0.0021"; VariantName = "[No Variations]"
Change component parameters (AddParameter): Name = "Datasheet 1"; Value = "N/A"; VariantName = "[No Variations]"
Change component parameters (AddParameter): Name = "Datasheet 2"; Value = "L:\imagens\7403-4.jpg"; VariantName = "[No Variations]"
Change component parameters (AddParameter): Name = "ERP"; Value = "4459"; VariantName = "[No Variations]"
Change component parameters (AddParameter): Name = "Etapa"; Value = ""; VariantName = "[No Variations]"
Change component parameters (AddParameter): Name = "HC 1"; Value = "N/A"; VariantName = "[No Variations]"
Change component parameters (AddParameter): Name = "HC 2"; Value = "N/A"; VariantName = "[No Variations]"
Change component parameters (AddParameter): Name = "Manufacturer 1"; Value = "HOTTECH"; VariantName = "[No Variations]"
Change component parameters (AddParameter): Name = "Manufacturer 2"; Value = "YAGEO"; VariantName = "[No Variations]"
Change component parameters (AddParameter): Name = "Package"; Value = "N/A"; VariantName = "[No Variations]"
Change component parameters (AddParameter): Name = "Part Number 1"; Value = "RI0603L1001FT"; VariantName = "[No Variations]"
Change component parameters (AddParameter): Name = "Part Number 2"; Value = "RC0603FR-071KL"; VariantName = "[No Variations]"
Change component parameters (AddParameter): Name = "Status"; Value = ""; VariantName = "[No Variations]"
Change component parameters (AddParameter): Name = "Supplier 1"; Value = "HOTTECH SEMICONDUCTOR TECHNOLOGY (HK) LTDA"; VariantName = "[No Variations]"
Change component parameters (AddParameter): Name = "Supplier 2"; Value = "SOLUCAO COMERCIO DE COMP ELE LTDA EPP"; VariantName = "[No Variations]"
Change component parameters: Designator = "R15" ("R15"); Footprint = "RES SMD CH 0402 HR"; UniqueID = "\BMIDKHIY\QBYHGTFN" ("\BMIDKHIY\QBYHGTFN")
Change component parameters (AddParameter): Name = "Custo médio (R$)"; Value = "0.00554"; VariantName = "[No Variations]"
Change component parameters (AddParameter): Name = "Custo padrăo (R$)"; Value = "0.0023"; VariantName = "[No Variations]"
Change component parameters (AddParameter): Name = "Datasheet 1"; Value = "N/A"; VariantName = "[No Variations]"
Change component parameters (AddParameter): Name = "Datasheet 2"; Value = "N/A"; VariantName = "[No Variations]"
Change component parameters (AddParameter): Name = "ERP"; Value = "4426"; VariantName = "[No Variations]"
Change component parameters (AddParameter): Name = "Etapa"; Value = ""; VariantName = "[No Variations]"
Change component parameters (AddParameter): Name = "HC 1"; Value = "N/A"; VariantName = "[No Variations]"
Change component parameters (AddParameter): Name = "HC 2"; Value = "N/A"; VariantName = "[No Variations]"
Change component parameters (AddParameter): Name = "Manufacturer 1"; Value = "HOTTECH"; VariantName = "[No Variations]"
Change component parameters (AddParameter): Name = "Manufacturer 2"; Value = "YAGEO"; VariantName = "[No Variations]"
Change component parameters (AddParameter): Name = "Package"; Value = "N/A"; VariantName = "[No Variations]"
Change component parameters (AddParameter): Name = "Part Number 1"; Value = "RI0603L1002FT"; VariantName = "[No Variations]"
Change component parameters (AddParameter): Name = "Part Number 2"; Value = "RC0603FR-0710KL"; VariantName = "[No Variations]"
Change component parameters (AddParameter): Name = "Status"; Value = ""; VariantName = "[No Variations]"
Change component parameters (AddParameter): Name = "Supplier 1"; Value = "HOTTECH SEMICONDUCTOR TECHNOLOGY (HK) LTDA"; VariantName = "[No Variations]"
Change component parameters (AddParameter): Name = "Supplier 2"; Value = "SOLUCAO COMERCIO DE COMP ELE LTDA EPP"; VariantName = "[No Variations]"
Change component parameters: Designator = "R16" ("R16"); Footprint = "RES SMD CH 0402 HR"; UniqueID = "\BMIDKHIY\ALNSWXMR" ("\BMIDKHIY\ALNSWXMR")
Change component parameters (AddParameter): Name = "Custo médio (R$)"; Value = "0.00554"; VariantName = "[No Variations]"
Change component parameters (AddParameter): Name = "Custo padrăo (R$)"; Value = "0.0023"; VariantName = "[No Variations]"
Change component parameters (AddParameter): Name = "Datasheet 1"; Value = "N/A"; VariantName = "[No Variations]"
Change component parameters (AddParameter): Name = "Datasheet 2"; Value = "N/A"; VariantName = "[No Variations]"
Change component parameters (AddParameter): Name = "ERP"; Value = "4426"; VariantName = "[No Variations]"
Change component parameters (AddParameter): Name = "Etapa"; Value = ""; VariantName = "[No Variations]"
Change component parameters (AddParameter): Name = "HC 1"; Value = "N/A"; VariantName = "[No Variations]"
Change component parameters (AddParameter): Name = "HC 2"; Value = "N/A"; VariantName = "[No Variations]"
Change component parameters (AddParameter): Name = "Manufacturer 1"; Value = "HOTTECH"; VariantName = "[No Variations]"
Change component parameters (AddParameter): Name = "Manufacturer 2"; Value = "YAGEO"; VariantName = "[No Variations]"
Change component parameters (AddParameter): Name = "Package"; Value = "N/A"; VariantName = "[No Variations]"
Change component parameters (AddParameter): Name = "Part Number 1"; Value = "RI0603L1002FT"; VariantName = "[No Variations]"
Change component parameters (AddParameter): Name = "Part Number 2"; Value = "RC0603FR-0710KL"; VariantName = "[No Variations]"
Change component parameters (AddParameter): Name = "Status"; Value = ""; VariantName = "[No Variations]"
Change component parameters (AddParameter): Name = "Supplier 1"; Value = "HOTTECH SEMICONDUCTOR TECHNOLOGY (HK) LTDA"; VariantName = "[No Variations]"
Change component parameters (AddParameter): Name = "Supplier 2"; Value = "SOLUCAO COMERCIO DE COMP ELE LTDA EPP"; VariantName = "[No Variations]"
Change component parameters: Designator = "R17" ("R17"); Footprint = "RES SMD CH 0402 HR"; UniqueID = "\BMIDKHIY\CMNUHTTM" ("\BMIDKHIY\CMNUHTTM")
Change component parameters (AddParameter): Name = "Custo médio (R$)"; Value = "0.00554"; VariantName = "[No Variations]"
Change component parameters (AddParameter): Name = "Custo padrăo (R$)"; Value = "0.0023"; VariantName = "[No Variations]"
Change component parameters (AddParameter): Name = "Datasheet 1"; Value = "N/A"; VariantName = "[No Variations]"
Change component parameters (AddParameter): Name = "Datasheet 2"; Value = "N/A"; VariantName = "[No Variations]"
Change component parameters (AddParameter): Name = "ERP"; Value = "4426"; VariantName = "[No Variations]"
Change component parameters (AddParameter): Name = "Etapa"; Value = ""; VariantName = "[No Variations]"
Change component parameters (AddParameter): Name = "HC 1"; Value = "N/A"; VariantName = "[No Variations]"
Change component parameters (AddParameter): Name = "HC 2"; Value = "N/A"; VariantName = "[No Variations]"
Change component parameters (AddParameter): Name = "Manufacturer 1"; Value = "HOTTECH"; VariantName = "[No Variations]"
Change component parameters (AddParameter): Name = "Manufacturer 2"; Value = "YAGEO"; VariantName = "[No Variations]"
Change component parameters (AddParameter): Name = "Package"; Value = "N/A"; VariantName = "[No Variations]"
Change component parameters (AddParameter): Name = "Part Number 1"; Value = "RI0603L1002FT"; VariantName = "[No Variations]"
Change component parameters (AddParameter): Name = "Part Number 2"; Value = "RC0603FR-0710KL"; VariantName = "[No Variations]"
Change component parameters (AddParameter): Name = "Status"; Value = ""; VariantName = "[No Variations]"
Change component parameters (AddParameter): Name = "Supplier 1"; Value = "HOTTECH SEMICONDUCTOR TECHNOLOGY (HK) LTDA"; VariantName = "[No Variations]"
Change component parameters (AddParameter): Name = "Supplier 2"; Value = "SOLUCAO COMERCIO DE COMP ELE LTDA EPP"; VariantName = "[No Variations]"
Added Component: Designator=C7(CAP SMD CE 0603 MR)
Add component (AddParameter): Name = "Custo médio (R$)"; Value = "0.04216"; VariantName = "[No Variations]"
Add component (AddParameter): Name = "Custo padrăo (R$)"; Value = "0.0288"; VariantName = "[No Variations]"
Add component (AddParameter): Name = "Datasheet 1"; Value = "https://octopart.com/pt/datasheet/cl10a225ko8nnnc-samsung-19018971"; VariantName = "[No Variations]"
Add component (AddParameter): Name = "Datasheet 2"; Value = "L:\imagens\6995-1.jpg"; VariantName = "[No Variations]"
Add component (AddParameter): Name = "ERP"; Value = "5849"; VariantName = "[No Variations]"
Add component (AddParameter): Name = "Etapa"; Value = ""; VariantName = "[No Variations]"
Add component (AddParameter): Name = "HC 1"; Value = "N/A"; VariantName = "[No Variations]"
Add component (AddParameter): Name = "HC 2"; Value = "N/A"; VariantName = "[No Variations]"
Add component (AddParameter): Name = "Manufacturer 1"; Value = "SAMSUNG"; VariantName = "[No Variations]"
Add component (AddParameter): Name = "Manufacturer 2"; Value = "MURATA ELECTRONICS"; VariantName = "[No Variations]"
Add component (AddParameter): Name = "Montagem"; Value = "SMD"; VariantName = "[No Variations]"
Add component (AddParameter): Name = "Package"; Value = "N/A"; VariantName = "[No Variations]"
Add component (AddParameter): Name = "Part Number 1"; Value = "CL10A225KO8NNNC"; VariantName = "[No Variations]"
Add component (AddParameter): Name = "Part Number 2"; Value = "GRM188R61C225KE15D"; VariantName = "[No Variations]"
Add component (AddParameter): Name = "Status"; Value = "1 - LIBERADO"; VariantName = "[No Variations]"
Add component (AddParameter): Name = "Supplier 1"; Value = "FUTURE ELECTRONICS CORP."; VariantName = "[No Variations]"
Add component (AddParameter): Name = "Supplier 2"; Value = "AVNET ELECTRONICS MARKETING"; VariantName = "[No Variations]"
Added Component: Designator=C17(CAP SMD CE 0603 MR)
Add component (AddParameter): Name = "Custo médio (R$)"; Value = "0.04216"; VariantName = "[No Variations]"
Add component (AddParameter): Name = "Custo padrăo (R$)"; Value = "0.0288"; VariantName = "[No Variations]"
Add component (AddParameter): Name = "Datasheet 1"; Value = "https://octopart.com/pt/datasheet/cl10a225ko8nnnc-samsung-19018971"; VariantName = "[No Variations]"
Add component (AddParameter): Name = "Datasheet 2"; Value = "L:\imagens\6995-1.jpg"; VariantName = "[No Variations]"
Add component (AddParameter): Name = "ERP"; Value = "5849"; VariantName = "[No Variations]"
Add component (AddParameter): Name = "Etapa"; Value = ""; VariantName = "[No Variations]"
Add component (AddParameter): Name = "HC 1"; Value = "N/A"; VariantName = "[No Variations]"
Add component (AddParameter): Name = "HC 2"; Value = "N/A"; VariantName = "[No Variations]"
Add component (AddParameter): Name = "Manufacturer 1"; Value = "SAMSUNG"; VariantName = "[No Variations]"
Add component (AddParameter): Name = "Manufacturer 2"; Value = "MURATA ELECTRONICS"; VariantName = "[No Variations]"
Add component (AddParameter): Name = "Montagem"; Value = "SMD"; VariantName = "[No Variations]"
Add component (AddParameter): Name = "Package"; Value = "N/A"; VariantName = "[No Variations]"
Add component (AddParameter): Name = "Part Number 1"; Value = "CL10A225KO8NNNC"; VariantName = "[No Variations]"
Add component (AddParameter): Name = "Part Number 2"; Value = "GRM188R61C225KE15D"; VariantName = "[No Variations]"
Add component (AddParameter): Name = "Status"; Value = "1 - LIBERADO"; VariantName = "[No Variations]"
Add component (AddParameter): Name = "Supplier 1"; Value = "FUTURE ELECTRONICS CORP."; VariantName = "[No Variations]"
Add component (AddParameter): Name = "Supplier 2"; Value = "AVNET ELECTRONICS MARKETING"; VariantName = "[No Variations]"
Added Component: Designator=R5(RES SMD CH 0603 HR)
Add component (AddParameter): Name = "Custo médio (R$)"; Value = "0.00554"; VariantName = "[No Variations]"
Add component (AddParameter): Name = "Custo padrăo (R$)"; Value = "0.0023"; VariantName = "[No Variations]"
Add component (AddParameter): Name = "Datasheet 1"; Value = "N/A"; VariantName = "[No Variations]"
Add component (AddParameter): Name = "Datasheet 2"; Value = "N/A"; VariantName = "[No Variations]"
Add component (AddParameter): Name = "ERP"; Value = "4426"; VariantName = "[No Variations]"
Add component (AddParameter): Name = "Etapa"; Value = ""; VariantName = "[No Variations]"
Add component (AddParameter): Name = "HC 1"; Value = "N/A"; VariantName = "[No Variations]"
Add component (AddParameter): Name = "HC 2"; Value = "N/A"; VariantName = "[No Variations]"
Add component (AddParameter): Name = "Manufacturer 1"; Value = "HOTTECH"; VariantName = "[No Variations]"
Add component (AddParameter): Name = "Manufacturer 2"; Value = "YAGEO"; VariantName = "[No Variations]"
Add component (AddParameter): Name = "Package"; Value = "N/A"; VariantName = "[No Variations]"
Add component (AddParameter): Name = "Part Number 1"; Value = "RI0603L1002FT"; VariantName = "[No Variations]"
Add component (AddParameter): Name = "Part Number 2"; Value = "RC0603FR-0710KL"; VariantName = "[No Variations]"
Add component (AddParameter): Name = "Status"; Value = ""; VariantName = "[No Variations]"
Add component (AddParameter): Name = "Supplier 1"; Value = "HOTTECH SEMICONDUCTOR TECHNOLOGY (HK) LTDA"; VariantName = "[No Variations]"
Add component (AddParameter): Name = "Supplier 2"; Value = "SOLUCAO COMERCIO DE COMP ELE LTDA EPP"; VariantName = "[No Variations]"
Added Pin To Net: NetName=0~5V-1 Pin=C7-1
Added Pin To Net: NetName=GND Pin=C7-2
Added Pin To Net: NetName=0~5V-2 Pin=C17-1
Added Pin To Net: NetName=GND Pin=C17-2
Added Pin To Net: NetName=0~5V-1 Pin=R5-1
Added Pin To Net: NetName=uC_PWM5 Pin=R5-2
Added Pin To Net: NetName=NetC10_1 Pin=R9-1
Added Pin To Net: NetName=NetC8_1 Pin=R9-2
Change Net Name : Old Net Name=NetC6_1 New Net Name=NetC5_1
Change Net Name : Old Net Name=NetC6_2 New Net Name=NetC5_2
Change Net Name : Old Net Name=NetC16_1 New Net Name=NetC15_1
Change Net Name : Old Net Name=NetC16_2 New Net Name=NetC15_2
Add Net: Net with name "CANL" already exists
Add Class: Class already exists: Designator
Added Member To Class: ClassName=Designator Member=Component CN1 BARRA DE PINOS 1X2
